<?xml version="1.0" encoding="UTF-8"?>
<testsuite name="team_k.symda.Controller.UserControllerTest" tests="1" skipped="0" failures="0" errors="0" timestamp="2022-07-11T09:37:44" hostname="Minjuui-MacBookPro.local" time="0.201">
  <properties/>
  <testcase name="signup()" classname="team_k.symda.Controller.UserControllerTest" time="0.201"/>
  <system-out><![CDATA[18:37:42.570 [Test worker] DEBUG org.springframework.test.context.BootstrapUtils - Instantiating CacheAwareContextLoaderDelegate from class [org.springframework.test.context.cache.DefaultCacheAwareContextLoaderDelegate]
18:37:42.576 [Test worker] DEBUG org.springframework.test.context.BootstrapUtils - Instantiating BootstrapContext using constructor [public org.springframework.test.context.support.DefaultBootstrapContext(java.lang.Class,org.springframework.test.context.CacheAwareContextLoaderDelegate)]
18:37:42.591 [Test worker] DEBUG org.springframework.test.context.BootstrapUtils - Instantiating TestContextBootstrapper for test class [team_k.symda.Controller.UserControllerTest] from class [org.springframework.boot.test.context.SpringBootTestContextBootstrapper]
18:37:42.600 [Test worker] DEBUG org.springframework.test.context.support.AbstractContextLoader - Did not detect default resource location for test class [team_k.symda.Controller.UserControllerTest]: class path resource [team_k/symda/Controller/UserControllerTest-context.xml] does not exist
18:37:42.600 [Test worker] DEBUG org.springframework.test.context.support.AbstractContextLoader - Did not detect default resource location for test class [team_k.symda.Controller.UserControllerTest]: class path resource [team_k/symda/Controller/UserControllerTestContext.groovy] does not exist
18:37:42.600 [Test worker] INFO org.springframework.test.context.support.AbstractContextLoader - Could not detect default resource locations for test class [team_k.symda.Controller.UserControllerTest]: no resource found for suffixes {-context.xml, Context.groovy}.
18:37:42.624 [Test worker] DEBUG org.springframework.test.context.support.ActiveProfilesUtils - Could not find an 'annotation declaring class' for annotation type [org.springframework.test.context.ActiveProfiles] and class [team_k.symda.Controller.UserControllerTest]
18:37:42.673 [Test worker] DEBUG org.springframework.boot.test.context.SpringBootTestContextBootstrapper - @TestExecutionListeners is not present for class [team_k.symda.Controller.UserControllerTest]: using defaults.
18:37:42.673 [Test worker] INFO org.springframework.boot.test.context.SpringBootTestContextBootstrapper - Loaded default TestExecutionListener class names from location [META-INF/spring.factories]: [org.springframework.security.test.context.support.WithSecurityContextTestExecutionListener, org.springframework.security.test.context.support.ReactorContextTestExecutionListener, org.springframework.boot.test.autoconfigure.restdocs.RestDocsTestExecutionListener, org.springframework.boot.test.autoconfigure.web.client.MockRestServiceServerResetTestExecutionListener, org.springframework.boot.test.autoconfigure.web.servlet.MockMvcPrintOnlyOnFailureTestExecutionListener, org.springframework.boot.test.autoconfigure.web.servlet.WebDriverTestExecutionListener, org.springframework.boot.test.autoconfigure.webservices.client.MockWebServiceServerTestExecutionListener, org.springframework.boot.test.mock.mockito.MockitoTestExecutionListener, org.springframework.boot.test.mock.mockito.ResetMocksTestExecutionListener, org.springframework.test.context.web.ServletTestExecutionListener, org.springframework.test.context.support.DirtiesContextBeforeModesTestExecutionListener, org.springframework.test.context.event.ApplicationEventsTestExecutionListener, org.springframework.test.context.support.DependencyInjectionTestExecutionListener, org.springframework.test.context.support.DirtiesContextTestExecutionListener, org.springframework.test.context.transaction.TransactionalTestExecutionListener, org.springframework.test.context.jdbc.SqlScriptsTestExecutionListener, org.springframework.test.context.event.EventPublishingTestExecutionListener]
18:37:42.679 [Test worker] DEBUG org.springframework.boot.test.context.SpringBootTestContextBootstrapper - Skipping candidate TestExecutionListener [org.springframework.test.context.web.ServletTestExecutionListener] due to a missing dependency. Specify custom listener classes or make the default listener classes and their required dependencies available. Offending class: [javax/servlet/ServletContext]
18:37:42.682 [Test worker] INFO org.springframework.boot.test.context.SpringBootTestContextBootstrapper - Using TestExecutionListeners: [org.springframework.test.context.support.DirtiesContextBeforeModesTestExecutionListener@1f130eaf, org.springframework.test.context.event.ApplicationEventsTestExecutionListener@7e0aadd0, org.springframework.boot.test.mock.mockito.MockitoTestExecutionListener@21362712, org.springframework.boot.test.autoconfigure.SpringBootDependencyInjectionTestExecutionListener@27eb3298, org.springframework.test.context.support.DirtiesContextTestExecutionListener@200a26bc, org.springframework.test.context.transaction.TransactionalTestExecutionListener@bc57b40, org.springframework.test.context.jdbc.SqlScriptsTestExecutionListener@1b5bc39d, org.springframework.security.test.context.support.WithSecurityContextTestExecutionListener@655a5d9c, org.springframework.test.context.event.EventPublishingTestExecutionListener@1494b84d, org.springframework.security.test.context.support.ReactorContextTestExecutionListener@34abdee4, org.springframework.boot.test.autoconfigure.restdocs.RestDocsTestExecutionListener@71a9b4c7, org.springframework.boot.test.autoconfigure.web.client.MockRestServiceServerResetTestExecutionListener@4628b1d3, org.springframework.boot.test.autoconfigure.web.servlet.MockMvcPrintOnlyOnFailureTestExecutionListener@77cf3f8b, org.springframework.boot.test.autoconfigure.web.servlet.WebDriverTestExecutionListener@1df98368, org.springframework.boot.test.autoconfigure.webservices.client.MockWebServiceServerTestExecutionListener@21ca139c, org.springframework.boot.test.mock.mockito.ResetMocksTestExecutionListener@226f885f]
18:37:42.684 [Test worker] DEBUG org.springframework.test.context.support.AbstractDirtiesContextTestExecutionListener - Before test class: context [DefaultTestContext@16afbd92 testClass = UserControllerTest, testInstance = [null], testMethod = [null], testException = [null], mergedContextConfiguration = [MergedContextConfiguration@2c5d601e testClass = UserControllerTest, locations = '{}', classes = '{class team_k.symda.SymdaApplication}', contextInitializerClasses = '[]', activeProfiles = '{}', propertySourceLocations = '{}', propertySourceProperties = '{org.springframework.boot.test.context.SpringBootTestContextBootstrapper=true}', contextCustomizers = set[org.springframework.boot.test.autoconfigure.actuate.metrics.MetricsExportContextCustomizerFactory$DisableMetricExportContextCustomizer@7c541c15, org.springframework.boot.test.autoconfigure.properties.PropertyMappingContextCustomizer@0, org.springframework.boot.test.autoconfigure.web.servlet.WebDriverContextCustomizerFactory$Customizer@7516e4e5, org.springframework.boot.test.context.filter.ExcludeFilterContextCustomizer@3e7634b9, org.springframework.boot.test.json.DuplicateJsonObjectContextCustomizerFactory$DuplicateJsonObjectContextCustomizer@abf688e, org.springframework.boot.test.mock.mockito.MockitoContextCustomizer@0, org.springframework.boot.test.web.client.TestRestTemplateContextCustomizer@607fbe09, org.springframework.boot.test.context.SpringBootTestArgs@1, org.springframework.boot.test.context.SpringBootTestWebEnvironment@5167f57d], contextLoader = 'org.springframework.boot.test.context.SpringBootContextLoader', parent = [null]], attributes = map[[empty]]], class annotated with @DirtiesContext [false] with mode [null].
18:37:42.690 [Test worker] DEBUG org.springframework.test.context.support.DependencyInjectionTestExecutionListener - Performing dependency injection for test context [[DefaultTestContext@16afbd92 testClass = UserControllerTest, testInstance = team_k.symda.Controller.UserControllerTest@40f33492, testMethod = [null], testException = [null], mergedContextConfiguration = [MergedContextConfiguration@2c5d601e testClass = UserControllerTest, locations = '{}', classes = '{class team_k.symda.SymdaApplication}', contextInitializerClasses = '[]', activeProfiles = '{}', propertySourceLocations = '{}', propertySourceProperties = '{org.springframework.boot.test.context.SpringBootTestContextBootstrapper=true}', contextCustomizers = set[org.springframework.boot.test.autoconfigure.actuate.metrics.MetricsExportContextCustomizerFactory$DisableMetricExportContextCustomizer@7c541c15, org.springframework.boot.test.autoconfigure.properties.PropertyMappingContextCustomizer@0, org.springframework.boot.test.autoconfigure.web.servlet.WebDriverContextCustomizerFactory$Customizer@7516e4e5, org.springframework.boot.test.context.filter.ExcludeFilterContextCustomizer@3e7634b9, org.springframework.boot.test.json.DuplicateJsonObjectContextCustomizerFactory$DuplicateJsonObjectContextCustomizer@abf688e, org.springframework.boot.test.mock.mockito.MockitoContextCustomizer@0, org.springframework.boot.test.web.client.TestRestTemplateContextCustomizer@607fbe09, org.springframework.boot.test.context.SpringBootTestArgs@1, org.springframework.boot.test.context.SpringBootTestWebEnvironment@5167f57d], contextLoader = 'org.springframework.boot.test.context.SpringBootContextLoader', parent = [null]], attributes = map['org.springframework.test.context.event.ApplicationEventsTestExecutionListener.recordApplicationEvents' -> false]]].

  .   ____          _            __ _ _
 /\\ / ___'_ __ _ _(_)_ __  __ _ \ \ \ \
( ( )\___ | '_ | '_| | '_ \/ _` | \ \ \ \
 \\/  ___)| |_)| | | | | || (_| |  ) ) ) )
  '  |____| .__|_| |_|_| |_\__, | / / / /
 =========|_|==============|___/=/_/_/_/
 :: Spring Boot ::                (v2.7.1)

2022-07-11 18:37:42.842  INFO 38463 --- [    Test worker] t.symda.Controller.UserControllerTest    : Starting UserControllerTest using Java 11.0.15 on Minjuui-MacBookPro.local with PID 38463 (started by minju in /Users/minju/IdeaProjects/SymDa-server)
2022-07-11 18:37:42.842  INFO 38463 --- [    Test worker] t.symda.Controller.UserControllerTest    : No active profile set, falling back to 1 default profile: "default"
2022-07-11 18:37:43.060  INFO 38463 --- [    Test worker] .s.d.r.c.RepositoryConfigurationDelegate : Multiple Spring Data modules found, entering strict repository configuration mode
2022-07-11 18:37:43.061  INFO 38463 --- [    Test worker] .s.d.r.c.RepositoryConfigurationDelegate : Bootstrapping Spring Data JDBC repositories in DEFAULT mode.
2022-07-11 18:37:43.073  INFO 38463 --- [    Test worker] .RepositoryConfigurationExtensionSupport : Spring Data JDBC - Could not safely identify store assignment for repository candidate interface team_k.symda.Repository.UserRepository; If you want this repository to be a JDBC repository, consider annotating your entities with one of these annotations: org.springframework.data.relational.core.mapping.Table.
2022-07-11 18:37:43.074  INFO 38463 --- [    Test worker] .s.d.r.c.RepositoryConfigurationDelegate : Finished Spring Data repository scanning in 10 ms. Found 0 JDBC repository interfaces.
2022-07-11 18:37:43.080  INFO 38463 --- [    Test worker] .s.d.r.c.RepositoryConfigurationDelegate : Multiple Spring Data modules found, entering strict repository configuration mode
2022-07-11 18:37:43.081  INFO 38463 --- [    Test worker] .s.d.r.c.RepositoryConfigurationDelegate : Bootstrapping Spring Data JPA repositories in DEFAULT mode.
2022-07-11 18:37:43.094  INFO 38463 --- [    Test worker] .s.d.r.c.RepositoryConfigurationDelegate : Finished Spring Data repository scanning in 10 ms. Found 1 JPA repository interfaces.
2022-07-11 18:37:43.316  INFO 38463 --- [    Test worker] com.zaxxer.hikari.HikariDataSource       : HikariPool-1 - Starting...
2022-07-11 18:37:43.413  INFO 38463 --- [    Test worker] com.zaxxer.hikari.HikariDataSource       : HikariPool-1 - Start completed.
2022-07-11 18:37:43.443  INFO 38463 --- [    Test worker] o.hibernate.jpa.internal.util.LogHelper  : HHH000204: Processing PersistenceUnitInfo [name: default]
2022-07-11 18:37:43.469  INFO 38463 --- [    Test worker] org.hibernate.Version                    : HHH000412: Hibernate ORM core version 5.6.9.Final
2022-07-11 18:37:43.562  INFO 38463 --- [    Test worker] o.hibernate.annotations.common.Version   : HCANN000001: Hibernate Commons Annotations {5.1.2.Final}
2022-07-11 18:37:43.612  INFO 38463 --- [    Test worker] org.hibernate.dialect.Dialect            : HHH000400: Using dialect: org.hibernate.dialect.MySQL5InnoDBDialect
2022-07-11 18:37:43.890  INFO 38463 --- [    Test worker] o.h.e.t.j.p.i.JtaPlatformInitiator       : HHH000490: Using JtaPlatform implementation: [org.hibernate.engine.transaction.jta.platform.internal.NoJtaPlatform]
2022-07-11 18:37:43.894  INFO 38463 --- [    Test worker] j.LocalContainerEntityManagerFactoryBean : Initialized JPA EntityManagerFactory for persistence unit 'default'
2022-07-11 18:37:44.177  INFO 38463 --- [    Test worker] t.symda.Controller.UserControllerTest    : Started UserControllerTest in 1.474 seconds (JVM running for 1.983)
Hibernate: 
    /* insert team_k.symda.Entity.User
        */ insert 
        into
            user
            (email, password) 
        values
            (?, ?)
Hibernate: 
    /* select
        generatedAlias0 
    from
        User as generatedAlias0 
    where
        generatedAlias0.email=:param0 */ select
            user0_.user_id as user_id1_4_,
            user0_.email as email2_4_,
            user0_.password as password3_4_ 
        from
            user user0_ 
        where
            user0_.email=?
]]></system-out>
  <system-err><![CDATA[]]></system-err>
</testsuite>
